2022-01-14 15:21:57.143 [main] TRACE com.revature.console.Driver - Account is approved id: 1
2022-01-14 15:22:48.806 [main] TRACE com.revature.console.Driver - Account is approved id: 1
2022-01-14 15:23:46.110 [main] TRACE com.revature.console.Driver - Account is approved id: 1
2022-01-14 15:24:51.578 [main] TRACE com.revature.console.Driver - Account is approved id: 1
2022-01-14 15:30:33.616 [main] TRACE com.revature.console.Driver - Account is approved id: 1
2022-01-14 16:13:27.601 [main] TRACE com.revature.console.Driver - Account is cancelled id: 1
2022-01-14 16:13:34.502 [main] TRACE com.revature.console.Driver - Account is approved id: 1
2022-01-14 16:14:30.782 [main] TRACE com.revature.console.Driver - New account created id: 13
2022-01-14 16:14:30.810 [main] TRACE com.revature.console.Driver - New account created id: 14
2022-01-14 16:14:30.845 [main] TRACE com.revature.console.Driver - Deposit into account 13 amount: $100.0
2022-01-14 16:14:30.959 [main] TRACE com.revature.console.Driver - Withdrawn from account 13 amount: $100.0
2022-01-14 16:14:30.997 [main] TRACE com.revature.console.Driver - Deposit into account 14 amount: $100.0
2022-01-14 16:14:31.049 [main] TRACE com.revature.console.Driver - Account with id: 13 is deleted.
2022-01-14 16:14:31.076 [main] TRACE com.revature.console.Driver - Account with id: 14 is deleted.
2022-01-14 16:14:31.121 [main] TRACE com.revature.console.Driver - Account is cancelled id: 1
2022-01-14 16:14:31.188 [main] TRACE com.revature.console.Driver - New customer added id: 11
2022-01-14 16:14:31.220 [main] TRACE com.revature.console.Driver - User with id: 11 is deleted.
2022-01-14 16:14:31.393 [main] TRACE com.revature.console.Driver - Deposit into account 1 amount: $100.0
2022-01-14 16:14:31.418 [main] TRACE com.revature.console.Driver - Account is approved id: 1
2022-01-14 16:14:31.480 [main] TRACE com.revature.console.Driver - New account created id: 15
2022-01-14 16:14:31.515 [main] TRACE com.revature.console.Driver - Account with id: 15 is deleted.
2022-01-14 16:14:31.651 [main] TRACE com.revature.console.Driver - Withdrawn from account 1 amount: $100.0
2022-01-14 16:15:56.785 [main] TRACE com.revature.console.Driver - New account created id: 16
2022-01-14 16:15:56.812 [main] TRACE com.revature.console.Driver - New account created id: 17
2022-01-14 16:15:56.853 [main] TRACE com.revature.console.Driver - Deposit into account 16 amount: $100.0
2022-01-14 16:15:56.976 [main] TRACE com.revature.console.Driver - Withdrawn from account 16 amount: $100.0
2022-01-14 16:15:57.032 [main] TRACE com.revature.console.Driver - Deposit into account 17 amount: $100.0
2022-01-14 16:15:57.091 [main] TRACE com.revature.console.Driver - Account with id: 16 is deleted.
2022-01-14 16:15:57.130 [main] TRACE com.revature.console.Driver - Account with id: 17 is deleted.
2022-01-14 16:15:57.162 [main] TRACE com.revature.console.Driver - Account is cancelled id: 1
2022-01-14 16:15:57.222 [main] TRACE com.revature.console.Driver - New customer added id: 12
2022-01-14 16:15:57.248 [main] TRACE com.revature.console.Driver - User with id: 12 is deleted.
2022-01-14 16:15:57.348 [main] TRACE com.revature.console.Driver - Account is approved id: 1
2022-01-14 16:15:57.455 [main] TRACE com.revature.console.Driver - Deposit into account 1 amount: $100.0
2022-01-14 16:15:57.484 [main] TRACE com.revature.console.Driver - Account is approved id: 1
2022-01-14 16:15:57.547 [main] TRACE com.revature.console.Driver - New account created id: 18
2022-01-14 16:15:57.580 [main] TRACE com.revature.console.Driver - Account with id: 18 is deleted.
2022-01-14 16:15:57.610 [main] TRACE com.revature.console.Driver - Account is cancelled id: 1
2022-01-14 16:15:57.726 [main] TRACE com.revature.console.Driver - Withdrawn from account 1 amount: $100.0
2022-01-14 16:16:53.392 [main] TRACE com.revature.console.Driver - New account created id: 19
2022-01-14 16:16:53.422 [main] TRACE com.revature.console.Driver - New account created id: 20
2022-01-14 16:16:53.453 [main] TRACE com.revature.console.Driver - Deposit into account 19 amount: $100.0
2022-01-14 16:16:53.551 [main] TRACE com.revature.console.Driver - Withdrawn from account 19 amount: $100.0
2022-01-14 16:16:53.583 [main] TRACE com.revature.console.Driver - Deposit into account 20 amount: $100.0
2022-01-14 16:16:53.654 [main] TRACE com.revature.console.Driver - Account with id: 19 is deleted.
2022-01-14 16:16:53.681 [main] TRACE com.revature.console.Driver - Account with id: 20 is deleted.
2022-01-14 16:16:53.716 [main] TRACE com.revature.console.Driver - Account is cancelled id: 1
2022-01-14 16:16:53.780 [main] TRACE com.revature.console.Driver - New customer added id: 13
2022-01-14 16:16:53.836 [main] TRACE com.revature.console.Driver - User with id: 13 is deleted.
2022-01-14 16:16:53.955 [main] TRACE com.revature.console.Driver - Account is approved id: 1
2022-01-14 16:16:54.049 [main] TRACE com.revature.console.Driver - Deposit into account 1 amount: $100.0
2022-01-14 16:16:54.086 [main] TRACE com.revature.console.Driver - Account is approved id: 1
2022-01-14 16:16:54.162 [main] TRACE com.revature.console.Driver - New account created id: 21
2022-01-14 16:16:54.201 [main] TRACE com.revature.console.Driver - Account with id: 21 is deleted.
2022-01-14 16:16:54.233 [main] TRACE com.revature.console.Driver - Account is cancelled id: 1
2022-01-14 16:16:54.346 [main] TRACE com.revature.console.Driver - Withdrawn from account 1 amount: $100.0
2022-01-14 18:15:11.069 [main] TRACE com.revature.console.Driver - User (ID: 1) applied for a credit of amount $1000.0
2022-01-14 19:18:48.313 [main] TRACE com.revature.console.Driver - New account created id: 23
2022-01-14 19:18:48.338 [main] TRACE com.revature.console.Driver - New account created id: 24
2022-01-14 19:18:48.372 [main] TRACE com.revature.console.Driver - Deposit into account 23 amount: $100.0
2022-01-14 19:18:48.447 [main] TRACE com.revature.console.Driver - Withdrawn from account 23 amount: $100.0
2022-01-14 19:18:48.483 [main] TRACE com.revature.console.Driver - Deposit into account 24 amount: $100.0
2022-01-14 19:18:48.535 [main] TRACE com.revature.console.Driver - Account with id: 23 is deleted.
2022-01-14 19:18:48.564 [main] TRACE com.revature.console.Driver - Account with id: 24 is deleted.
2022-01-14 19:18:48.597 [main] TRACE com.revature.console.Driver - Account is cancelled id: 1
2022-01-14 19:18:48.691 [main] TRACE com.revature.console.Driver - New customer added id: 14
2022-01-14 19:18:48.722 [main] TRACE com.revature.console.Driver - User with id: 14 is deleted.
2022-01-14 19:18:48.810 [main] TRACE com.revature.console.Driver - Account is approved id: 1
2022-01-14 19:18:48.924 [main] TRACE com.revature.console.Driver - Deposit into account 1 amount: $100.0
2022-01-14 19:18:48.957 [main] TRACE com.revature.console.Driver - Account is approved id: 1
2022-01-14 19:18:49.143 [main] TRACE com.revature.console.Driver - New account created id: 25
2022-01-14 19:18:49.175 [main] TRACE com.revature.console.Driver - Account with id: 25 is deleted.
2022-01-14 19:18:49.218 [main] TRACE com.revature.console.Driver - User (ID: 1) applied for a credit of amount $1000.0
2022-01-14 19:18:49.250 [main] TRACE com.revature.console.Driver - Account is cancelled id: 1
2022-01-14 19:18:49.355 [main] TRACE com.revature.console.Driver - Withdrawn from account 1 amount: $100.0
2022-01-14 19:19:41.415 [main] TRACE com.revature.console.Driver - New account created id: 26
2022-01-14 19:19:41.512 [main] TRACE com.revature.console.Driver - New account created id: 27
2022-01-14 19:19:41.919 [main] TRACE com.revature.console.Driver - Deposit into account 26 amount: $100.0
2022-01-14 19:19:42.246 [main] TRACE com.revature.console.Driver - Withdrawn from account 26 amount: $100.0
2022-01-14 19:19:42.376 [main] TRACE com.revature.console.Driver - Deposit into account 27 amount: $100.0
2022-01-14 19:19:42.463 [main] TRACE com.revature.console.Driver - Account with id: 26 is deleted.
2022-01-14 19:19:42.498 [main] TRACE com.revature.console.Driver - Account with id: 27 is deleted.
2022-01-14 19:19:42.632 [main] TRACE com.revature.console.Driver - Account is cancelled id: 1
2022-01-14 19:19:42.955 [main] TRACE com.revature.console.Driver - New customer added id: 15
2022-01-14 19:19:43.093 [main] TRACE com.revature.console.Driver - User with id: 15 is deleted.
2022-01-14 19:19:43.429 [main] TRACE com.revature.console.Driver - Account is approved id: 1
2022-01-14 19:19:43.634 [main] TRACE com.revature.console.Driver - Deposit into account 1 amount: $100.0
2022-01-14 19:19:43.768 [main] TRACE com.revature.console.Driver - Account is approved id: 1
2022-01-14 19:19:43.964 [main] TRACE com.revature.console.Driver - New account created id: 28
2022-01-14 19:19:44.000 [main] TRACE com.revature.console.Driver - Account with id: 28 is deleted.
2022-01-14 19:19:44.036 [main] TRACE com.revature.console.Driver - User (ID: 1) applied for a credit of amount $1000.0
2022-01-14 19:19:44.072 [main] TRACE com.revature.console.Driver - Account is cancelled id: 1
2022-01-14 19:19:44.214 [main] TRACE com.revature.console.Driver - Withdrawn from account 1 amount: $100.0
2022-01-14 21:25:13.650 [main] TRACE com.revature.console.Driver - New customer signed-up id: 16
